<?xml version="1.0" encoding="UTF-8"?>
<testng-results skipped="0" failed="0" ignored="0" total="2" passed="2">
  <reporter-output>
  </reporter-output>
  <suite name="InetBankingV1" duration-ms="40114" started-at="2021-04-12T16:11:42 EDT" finished-at="2021-04-12T16:12:22 EDT">
    <groups>
    </groups>
    <test name="BankingApp Test" duration-ms="40114" started-at="2021-04-12T16:11:42 EDT" finished-at="2021-04-12T16:12:22 EDT">
      <class name="com.inetbanking.testCases.TC_LoginDDT_003">
        <test-method status="PASS" signature="setup(java.lang.String)[pri:0, instance:com.inetbanking.testCases.TC_LoginDDT_003@5c3bd550]" name="setup" is-config="true" duration-ms="8120" started-at="2021-04-12T16:11:42 EDT" finished-at="2021-04-12T16:11:50 EDT">
          <params>
            <param index="0">
              <value>
                <![CDATA[chrome]]>
              </value>
            </param>
          </params>
          <reporter-output>
          </reporter-output>
        </test-method> <!-- setup -->
        <test-method status="PASS" signature="test1()[pri:0, instance:com.inetbanking.testCases.TC_LoginDDT_003@5c3bd550]" name="test1" duration-ms="15224" started-at="2021-04-12T16:11:50 EDT" finished-at="2021-04-12T16:12:06 EDT">
          <reporter-output>
          </reporter-output>
        </test-method> <!-- test1 -->
        <test-method status="PASS" signature="test2()[pri:0, instance:com.inetbanking.testCases.TC_LoginDDT_003@5c3bd550]" name="test2" duration-ms="15086" started-at="2021-04-12T16:12:06 EDT" finished-at="2021-04-12T16:12:21 EDT">
          <reporter-output>
          </reporter-output>
        </test-method> <!-- test2 -->
        <test-method status="PASS" signature="tearDown()[pri:0, instance:com.inetbanking.testCases.TC_LoginDDT_003@5c3bd550]" name="tearDown" is-config="true" duration-ms="1432" started-at="2021-04-12T16:12:21 EDT" finished-at="2021-04-12T16:12:22 EDT">
          <reporter-output>
          </reporter-output>
        </test-method> <!-- tearDown -->
      </class> <!-- com.inetbanking.testCases.TC_LoginDDT_003 -->
    </test> <!-- BankingApp Test -->
  </suite> <!-- InetBankingV1 -->
</testng-results>
