<?xml version="1.0" encoding="UTF-8"?>
<testng-results skipped="0" failed="0" total="2" passed="2">
  <reporter-output>
  </reporter-output>
  <suite name="InetBankingV1" duration-ms="41031" started-at="2021-04-09T17:31:37Z" finished-at="2021-04-09T17:32:18Z">
    <groups>
    </groups>
    <test name="BankingApp Test" duration-ms="41031" started-at="2021-04-09T17:31:37Z" finished-at="2021-04-09T17:32:18Z">
      <class name="com.inetbanking.testCases.TC_LoginDDT_003">
        <test-method status="PASS" signature="setup(java.lang.String)[pri:0, instance:com.inetbanking.testCases.TC_LoginDDT_003@57baeedf]" name="setup" is-config="true" duration-ms="9941" started-at="2021-04-09T13:31:37Z" finished-at="2021-04-09T13:31:47Z">
          <params>
            <param index="0">
              <value>
                <![CDATA[chrome]]>
              </value>
            </param>
          </params>
          <reporter-output>
          </reporter-output>
        </test-method> <!-- setup -->
        <test-method status="PASS" signature="test1()[pri:0, instance:com.inetbanking.testCases.TC_LoginDDT_003@57baeedf]" name="test1" duration-ms="15190" started-at="2021-04-09T13:31:47Z" finished-at="2021-04-09T13:32:02Z">
          <reporter-output>
          </reporter-output>
        </test-method> <!-- test1 -->
        <test-method status="PASS" signature="test2()[pri:0, instance:com.inetbanking.testCases.TC_LoginDDT_003@57baeedf]" name="test2" duration-ms="14267" started-at="2021-04-09T13:32:02Z" finished-at="2021-04-09T13:32:17Z">
          <reporter-output>
          </reporter-output>
        </test-method> <!-- test2 -->
        <test-method status="PASS" signature="tearDown()[pri:0, instance:com.inetbanking.testCases.TC_LoginDDT_003@57baeedf]" name="tearDown" is-config="true" duration-ms="1202" started-at="2021-04-09T13:32:17Z" finished-at="2021-04-09T13:32:18Z">
          <reporter-output>
          </reporter-output>
        </test-method> <!-- tearDown -->
      </class> <!-- com.inetbanking.testCases.TC_LoginDDT_003 -->
    </test> <!-- BankingApp Test -->
  </suite> <!-- InetBankingV1 -->
</testng-results>
